---------------------------------------------------------------
[ 2018-03-07T10:04:03+08:00 ] 10.0.2.2 GET /
[ info ] zg.touzi.com/ [运行时间：2.077188s][吞吐率：0.48req/s] [内存消耗：927.70kb] [文件加载：69]
[ info ] [ LANG ] /data/httpd/touzi/thinkphp/lang/zh-cn.php
[ info ] [ ROUTE ] array (
  'type' => 'module',
  'module' => 
  array (
    0 => '',
    1 => NULL,
    2 => NULL,
  ),
)
[ info ] [ HEADER ] array (
  'host' => 'zg.touzi.com',
  'connection' => 'keep-alive',
  'pragma' => 'no-cache',
  'cache-control' => 'no-cache',
  'upgrade-insecure-requests' => '1',
  'user-agent' => 'Mozilla/5.0 (iPhone; CPU iPhone OS 10_3 like Mac OS X) AppleWebKit/602.1.50 (KHTML, like Gecko) CriOS/56.0.2924.75 Mobile/14E5239e Safari/602.1',
  'accept' => 'text/html,application/xhtml+xml,application/xml;q=0.9,image/webp,image/apng,*/*;q=0.8',
  'referer' => 'http://zg.touzi.com/index.php/index/member/modifypwdfirst.html',
  'accept-encoding' => 'gzip, deflate',
  'accept-language' => 'zh-CN,zh;q=0.9,en;q=0.8',
  'cookie' => 'UM_distinctid=16078e033a5938-08e173aa09221f-173c6d56-13c680-16078e033a6876; __utmc=254390029; PHPSESSID=mm0im330fo44avos48ap0uat80; OUTFOX_SEARCH_USER_ID_NCOO=1084441046.6739905; thinkphp_show_page_trace=0|0; Hm_lvt_601c92cd729f5d300329945382cb791f=1520306400; __utmz=254390029.1520306400.1.1.utmcsr=(direct)|utmccn=(direct)|utmcmd=(none); Hm_lvt_c3d6eaa135e0c7778dc8a6c73a86db89=1520306402; Hm_lvt_39b5ed0bf4174a1437be8378251e78d0=1520308870; __utma=254390029.1426007444.1520306400.1520306400.1520324232.2; Hm_lpvt_39b5ed0bf4174a1437be8378251e78d0=1520324248; Hm_lpvt_601c92cd729f5d300329945382cb791f=1520324249; Hm_lpvt_c3d6eaa135e0c7778dc8a6c73a86db89=1520324249',
  'content-type' => '',
  'content-length' => '',
)
[ info ] [ PARAM ] array (
)
[ info ] [ CACHE ] INIT File
[ info ] [ DB ] INIT mysql
[ info ] [ BEHAVIOR ] Run app\common\behavior\Config @app_begin [ RunTime:0.989692s ]
[ info ] [ BEHAVIOR ] Run app\common\behavior\Hook @app_begin [ RunTime:0.152884s ]
[ info ] [ RUN ] app\index\controller\Index->index[ /data/httpd/touzi/application/index/controller/Index.php ]
[ info ] [ VIEW ] /data/httpd/touzi/public/../application/index/view/index/index.html [ array (
  0 => 'static_dir',
) ]
[ info ] [ LOG ] INIT File
[ sql ] [ DB ] CONNECT:[ UseTime:0.020152s ] mysql:host=127.0.0.1;port=3306;dbname=touzi;charset=utf8
[ sql ] [ SQL ] SHOW COLUMNS FROM `dp_admin_config` [ RunTime:0.337194s ]
[ sql ] [ SQL ] SELECT `name`,`value`,`type` FROM `dp_admin_config` [ RunTime:0.005090s ]
[ sql ] [ SQL ] SHOW COLUMNS FROM `dp_admin_module` [ RunTime:0.018964s ]
[ sql ] [ SQL ] SELECT `name`,`config` FROM `dp_admin_module` WHERE  `config` <> '' [ RunTime:0.006664s ]
[ sql ] [ SQL ] SHOW COLUMNS FROM `dp_admin_hook` [ RunTime:0.006490s ]
[ sql ] [ SQL ] SELECT `name`,`status` FROM `dp_admin_hook` WHERE  `status` = 1 [ RunTime:0.007198s ]
[ sql ] [ SQL ] SHOW COLUMNS FROM `dp_admin_plugin` [ RunTime:0.004096s ]
[ sql ] [ SQL ] SELECT `name`,`status` FROM `dp_admin_plugin` WHERE  `status` = 1 [ RunTime:0.011038s ]
[ sql ] [ SQL ] SHOW COLUMNS FROM `dp_admin_hook_plugin` [ RunTime:0.007729s ]
[ sql ] [ SQL ] SELECT * FROM `dp_admin_hook_plugin` WHERE  `status` = 1 ORDER BY hook,sort [ RunTime:0.007478s ]
---------------------------------------------------------------
[ 2018-03-07T10:05:36+08:00 ] 10.0.2.2 GET /
[ info ] zg.touzi.com/ [运行时间：1.100877s][吞吐率：0.91req/s] [内存消耗：1,033.98kb] [文件加载：71]
[ info ] [ LANG ] /data/httpd/touzi/thinkphp/lang/zh-cn.php
[ info ] [ ROUTE ] array (
  'type' => 'module',
  'module' => 
  array (
    0 => '',
    1 => NULL,
    2 => NULL,
  ),
)
[ info ] [ HEADER ] array (
  'host' => 'zg.touzi.com',
  'connection' => 'keep-alive',
  'pragma' => 'no-cache',
  'cache-control' => 'no-cache',
  'upgrade-insecure-requests' => '1',
  'user-agent' => 'Mozilla/5.0 (iPhone; CPU iPhone OS 10_3 like Mac OS X) AppleWebKit/602.1.50 (KHTML, like Gecko) CriOS/56.0.2924.75 Mobile/14E5239e Safari/602.1',
  'accept' => 'text/html,application/xhtml+xml,application/xml;q=0.9,image/webp,image/apng,*/*;q=0.8',
  'referer' => 'http://zg.touzi.com/index.php/index/member/modifypwdfirst.html',
  'accept-encoding' => 'gzip, deflate',
  'accept-language' => 'zh-CN,zh;q=0.9,en;q=0.8',
  'cookie' => 'UM_distinctid=16078e033a5938-08e173aa09221f-173c6d56-13c680-16078e033a6876; __utmc=254390029; PHPSESSID=mm0im330fo44avos48ap0uat80; OUTFOX_SEARCH_USER_ID_NCOO=1084441046.6739905; thinkphp_show_page_trace=0|0; Hm_lvt_601c92cd729f5d300329945382cb791f=1520306400; __utmz=254390029.1520306400.1.1.utmcsr=(direct)|utmccn=(direct)|utmcmd=(none); Hm_lvt_c3d6eaa135e0c7778dc8a6c73a86db89=1520306402; Hm_lvt_39b5ed0bf4174a1437be8378251e78d0=1520308870; __utma=254390029.1426007444.1520306400.1520306400.1520324232.2; Hm_lpvt_39b5ed0bf4174a1437be8378251e78d0=1520324248; Hm_lpvt_601c92cd729f5d300329945382cb791f=1520324249; Hm_lpvt_c3d6eaa135e0c7778dc8a6c73a86db89=1520324249; ___rl__test__cookies=1520388277295',
  'content-type' => '',
  'content-length' => '',
)
[ info ] [ PARAM ] array (
)
[ info ] [ CACHE ] INIT File
[ info ] [ DB ] INIT mysql
[ info ] [ BEHAVIOR ] Run app\common\behavior\Config @app_begin [ RunTime:0.266303s ]
[ info ] [ BEHAVIOR ] Run app\common\behavior\Hook @app_begin [ RunTime:0.092796s ]
[ info ] [ RUN ] app\index\controller\Index->index[ /data/httpd/touzi/application/index/controller/Index.php ]
[ info ] [ VIEW ] /data/httpd/touzi/public/../application/index/view/index/index.html [ array (
  0 => 'static_dir',
) ]
[ info ] [ LOG ] INIT File
[ sql ] [ DB ] CONNECT:[ UseTime:0.016438s ] mysql:host=127.0.0.1;port=3306;dbname=touzi;charset=utf8
[ sql ] [ SQL ] SHOW COLUMNS FROM `dp_admin_config` [ RunTime:0.025204s ]
[ sql ] [ SQL ] SELECT `name`,`value`,`type` FROM `dp_admin_config` [ RunTime:0.000476s ]
[ sql ] [ SQL ] SHOW COLUMNS FROM `dp_admin_module` [ RunTime:0.001516s ]
[ sql ] [ SQL ] SELECT `name`,`config` FROM `dp_admin_module` WHERE  `config` <> '' [ RunTime:0.000428s ]
[ sql ] [ SQL ] SHOW COLUMNS FROM `dp_admin_hook` [ RunTime:0.001356s ]
[ sql ] [ SQL ] SELECT `name`,`status` FROM `dp_admin_hook` WHERE  `status` = 1 [ RunTime:0.000484s ]
[ sql ] [ SQL ] SHOW COLUMNS FROM `dp_admin_plugin` [ RunTime:0.001838s ]
[ sql ] [ SQL ] SELECT `name`,`status` FROM `dp_admin_plugin` WHERE  `status` = 1 [ RunTime:0.000631s ]
[ sql ] [ SQL ] SHOW COLUMNS FROM `dp_admin_hook_plugin` [ RunTime:0.001504s ]
[ sql ] [ SQL ] SELECT * FROM `dp_admin_hook_plugin` WHERE  `status` = 1 ORDER BY hook,sort [ RunTime:0.002556s ]
---------------------------------------------------------------
[ 2018-03-07T10:06:01+08:00 ] 10.0.2.2 GET /
[ info ] zg.touzi.com/ [运行时间：0.825199s][吞吐率：1.21req/s] [内存消耗：1,034.00kb] [文件加载：71]
[ info ] [ LANG ] /data/httpd/touzi/thinkphp/lang/zh-cn.php
[ info ] [ ROUTE ] array (
  'type' => 'module',
  'module' => 
  array (
    0 => '',
    1 => NULL,
    2 => NULL,
  ),
)
[ info ] [ HEADER ] array (
  'host' => 'zg.touzi.com',
  'connection' => 'keep-alive',
  'pragma' => 'no-cache',
  'cache-control' => 'no-cache',
  'upgrade-insecure-requests' => '1',
  'user-agent' => 'Mozilla/5.0 (iPhone; CPU iPhone OS 10_3 like Mac OS X) AppleWebKit/602.1.50 (KHTML, like Gecko) CriOS/56.0.2924.75 Mobile/14E5239e Safari/602.1',
  'accept' => 'text/html,application/xhtml+xml,application/xml;q=0.9,image/webp,image/apng,*/*;q=0.8',
  'referer' => 'http://zg.touzi.com/index.php/index/member/modifypwdfirst.html',
  'accept-encoding' => 'gzip, deflate',
  'accept-language' => 'zh-CN,zh;q=0.9,en;q=0.8',
  'cookie' => 'UM_distinctid=16078e033a5938-08e173aa09221f-173c6d56-13c680-16078e033a6876; __utmc=254390029; PHPSESSID=mm0im330fo44avos48ap0uat80; OUTFOX_SEARCH_USER_ID_NCOO=1084441046.6739905; thinkphp_show_page_trace=0|0; Hm_lvt_601c92cd729f5d300329945382cb791f=1520306400; __utmz=254390029.1520306400.1.1.utmcsr=(direct)|utmccn=(direct)|utmcmd=(none); Hm_lvt_c3d6eaa135e0c7778dc8a6c73a86db89=1520306402; Hm_lvt_39b5ed0bf4174a1437be8378251e78d0=1520308870; __utma=254390029.1426007444.1520306400.1520306400.1520324232.2; Hm_lpvt_39b5ed0bf4174a1437be8378251e78d0=1520324248; Hm_lpvt_601c92cd729f5d300329945382cb791f=1520324249; Hm_lpvt_c3d6eaa135e0c7778dc8a6c73a86db89=1520324249; ___rl__test__cookies=1520388277295',
  'content-type' => '',
  'content-length' => '',
)
[ info ] [ PARAM ] array (
)
[ info ] [ CACHE ] INIT File
[ info ] [ DB ] INIT mysql
[ info ] [ BEHAVIOR ] Run app\common\behavior\Config @app_begin [ RunTime:0.172066s ]
[ info ] [ BEHAVIOR ] Run app\common\behavior\Hook @app_begin [ RunTime:0.061881s ]
[ info ] [ RUN ] app\index\controller\Index->index[ /data/httpd/touzi/application/index/controller/Index.php ]
[ info ] [ VIEW ] /data/httpd/touzi/public/../application/index/view/index/index.html [ array (
  0 => 'static_dir',
) ]
[ info ] [ LOG ] INIT File
[ sql ] [ DB ] CONNECT:[ UseTime:0.004176s ] mysql:host=127.0.0.1;port=3306;dbname=touzi;charset=utf8
[ sql ] [ SQL ] SHOW COLUMNS FROM `dp_admin_config` [ RunTime:0.023274s ]
[ sql ] [ SQL ] SELECT `name`,`value`,`type` FROM `dp_admin_config` [ RunTime:0.000417s ]
[ sql ] [ SQL ] SHOW COLUMNS FROM `dp_admin_module` [ RunTime:0.001200s ]
[ sql ] [ SQL ] SELECT `name`,`config` FROM `dp_admin_module` WHERE  `config` <> '' [ RunTime:0.000344s ]
[ sql ] [ SQL ] SHOW COLUMNS FROM `dp_admin_hook` [ RunTime:0.001325s ]
[ sql ] [ SQL ] SELECT `name`,`status` FROM `dp_admin_hook` WHERE  `status` = 1 [ RunTime:0.000390s ]
[ sql ] [ SQL ] SHOW COLUMNS FROM `dp_admin_plugin` [ RunTime:0.002288s ]
[ sql ] [ SQL ] SELECT `name`,`status` FROM `dp_admin_plugin` WHERE  `status` = 1 [ RunTime:0.000321s ]
[ sql ] [ SQL ] SHOW COLUMNS FROM `dp_admin_hook_plugin` [ RunTime:0.001746s ]
[ sql ] [ SQL ] SELECT * FROM `dp_admin_hook_plugin` WHERE  `status` = 1 ORDER BY hook,sort [ RunTime:0.001200s ]
