---------------------------------------------------------------
[ 2018-03-08T10:47:07+08:00 ] 10.0.2.2 GET /
[ info ] zg.touzi.com/ [运行时间：1.430446s][吞吐率：0.70req/s] [内存消耗：1,042.34kb] [文件加载：71]
[ info ] [ LANG ] /data/httpd/touzi/thinkphp/lang/zh-cn.php
[ info ] [ ROUTE ] array (
  'type' => 'module',
  'module' => 
  array (
    0 => '',
    1 => NULL,
    2 => NULL,
  ),
)
[ info ] [ HEADER ] array (
  'host' => 'zg.touzi.com',
  'connection' => 'keep-alive',
  'user-agent' => 'Mozilla/5.0 (Macintosh; Intel Mac OS X 10_12_5) AppleWebKit/537.36 (KHTML, like Gecko) Chrome/63.0.3239.84 Safari/537.36',
  'upgrade-insecure-requests' => '1',
  'accept' => 'text/html,application/xhtml+xml,application/xml;q=0.9,image/webp,image/apng,*/*;q=0.8',
  'accept-encoding' => 'gzip, deflate',
  'accept-language' => 'zh-CN,zh;q=0.9,en;q=0.8',
  'cookie' => 'UM_distinctid=16078e033a5938-08e173aa09221f-173c6d56-13c680-16078e033a6876; __utmc=254390029; PHPSESSID=mm0im330fo44avos48ap0uat80; OUTFOX_SEARCH_USER_ID_NCOO=1084441046.6739905; thinkphp_show_page_trace=0|0; Hm_lvt_601c92cd729f5d300329945382cb791f=1520306400; __utmz=254390029.1520306400.1.1.utmcsr=(direct)|utmccn=(direct)|utmcmd=(none); Hm_lvt_c3d6eaa135e0c7778dc8a6c73a86db89=1520306402; Hm_lvt_39b5ed0bf4174a1437be8378251e78d0=1520308870; __utma=254390029.1426007444.1520306400.1520306400.1520324232.2; Hm_lpvt_601c92cd729f5d300329945382cb791f=1520324249; Hm_lpvt_c3d6eaa135e0c7778dc8a6c73a86db89=1520324249',
  'content-type' => '',
  'content-length' => '',
)
[ info ] [ PARAM ] array (
)
[ info ] [ CACHE ] INIT File
[ info ] [ DB ] INIT mysql
[ info ] [ BEHAVIOR ] Run app\common\behavior\Config @app_begin [ RunTime:0.322618s ]
[ info ] [ BEHAVIOR ] Run app\common\behavior\Hook @app_begin [ RunTime:0.081922s ]
[ info ] [ RUN ] app\index\controller\Index->index[ /data/httpd/touzi/application/index/controller/Index.php ]
[ info ] [ VIEW ] /data/httpd/touzi/public/../application/index/view/index/index.html [ array (
  0 => 'static_dir',
) ]
[ info ] [ LOG ] INIT File
[ sql ] [ DB ] CONNECT:[ UseTime:0.004342s ] mysql:host=127.0.0.1;port=3306;dbname=touzi;charset=utf8
[ sql ] [ SQL ] SHOW COLUMNS FROM `dp_admin_config` [ RunTime:0.006381s ]
[ sql ] [ SQL ] SELECT `name`,`value`,`type` FROM `dp_admin_config` [ RunTime:0.003281s ]
[ sql ] [ SQL ] SHOW COLUMNS FROM `dp_admin_module` [ RunTime:0.008300s ]
[ sql ] [ SQL ] SELECT `name`,`config` FROM `dp_admin_module` WHERE  `config` <> '' [ RunTime:0.003401s ]
[ sql ] [ SQL ] SHOW COLUMNS FROM `dp_admin_hook` [ RunTime:0.004383s ]
[ sql ] [ SQL ] SELECT `name`,`status` FROM `dp_admin_hook` WHERE  `status` = 1 [ RunTime:0.008008s ]
[ sql ] [ SQL ] SHOW COLUMNS FROM `dp_admin_plugin` [ RunTime:0.001320s ]
[ sql ] [ SQL ] SELECT `name`,`status` FROM `dp_admin_plugin` WHERE  `status` = 1 [ RunTime:0.002408s ]
[ sql ] [ SQL ] SHOW COLUMNS FROM `dp_admin_hook_plugin` [ RunTime:0.004202s ]
[ sql ] [ SQL ] SELECT * FROM `dp_admin_hook_plugin` WHERE  `status` = 1 ORDER BY hook,sort [ RunTime:0.002694s ]
